c:\users\robert-abel porras\source\repos\umkc computer science\comp sci 461\assignment 1\search_methods\comp-sci-461---assignment-1\search_methods\x64\debug\vc143.pdb
c:\users\robert-abel porras\source\repos\umkc computer science\comp sci 461\assignment 1\search_methods\comp-sci-461---assignment-1\search_methods\x64\debug\vc143.idb
c:\users\robert-abel porras\source\repos\umkc computer science\comp sci 461\assignment 1\search_methods\comp-sci-461---assignment-1\search_methods\x64\debug\main.obj
c:\users\robert-abel porras\source\repos\umkc computer science\comp sci 461\assignment 1\search_methods\comp-sci-461---assignment-1\search_methods\x64\debug\iddfs.obj
c:\users\robert-abel porras\source\repos\umkc computer science\comp sci 461\assignment 1\search_methods\comp-sci-461---assignment-1\search_methods\x64\debug\depthfirstsearch.obj
c:\users\robert-abel porras\source\repos\umkc computer science\comp sci 461\assignment 1\search_methods\comp-sci-461---assignment-1\search_methods\x64\debug\breadthfirstsearch.obj
c:\users\robert-abel porras\source\repos\umkc computer science\comp sci 461\assignment 1\search_methods\comp-sci-461---assignment-1\search_methods\x64\debug\bestfirstsearch.obj
c:\users\robert-abel porras\source\repos\umkc computer science\comp sci 461\assignment 1\search_methods\comp-sci-461---assignment-1\search_methods\x64\debug\astarsearch.obj
c:\users\major\onedrive\umkc comp sci\comp sci 461\comp-sci-461---assignment-1\search_methods\x64\debug\astarsearch.obj
c:\users\major\onedrive\umkc comp sci\comp sci 461\comp-sci-461---assignment-1\search_methods\x64\debug\bestfirstsearch.obj
c:\users\major\onedrive\umkc comp sci\comp sci 461\comp-sci-461---assignment-1\search_methods\x64\debug\breadthfirstsearch.obj
c:\users\major\onedrive\umkc comp sci\comp sci 461\comp-sci-461---assignment-1\search_methods\x64\debug\depthfirstsearch.obj
c:\users\major\onedrive\umkc comp sci\comp sci 461\comp-sci-461---assignment-1\search_methods\x64\debug\iddfs.obj
c:\users\major\onedrive\umkc comp sci\comp sci 461\comp-sci-461---assignment-1\search_methods\x64\debug\main.obj
c:\users\major\onedrive\umkc comp sci\comp sci 461\comp-sci-461---assignment-1\search_methods\x64\debug\vc143.idb
c:\users\major\onedrive\umkc comp sci\comp sci 461\comp-sci-461---assignment-1\search_methods\x64\debug\vc143.pdb
c:\users\major\onedrive\umkc comp sci\comp sci 461\comp-sci-461---assignment-1\x64\debug\search_methods.pdb
c:\users\major\onedrive\umkc comp sci\comp sci 461\comp-sci-461---assignment-1\search_methods\x64\debug\search_methods.tlog\cl.command.1.tlog
c:\users\major\onedrive\umkc comp sci\comp sci 461\comp-sci-461---assignment-1\search_methods\x64\debug\search_methods.tlog\cl.read.1.tlog
c:\users\major\onedrive\umkc comp sci\comp sci 461\comp-sci-461---assignment-1\search_methods\x64\debug\search_methods.tlog\cl.write.1.tlog
c:\users\major\onedrive\umkc comp sci\comp sci 461\comp-sci-461---assignment-1\search_methods\x64\debug\search_methods.tlog\link-cvtres.read.1.tlog
c:\users\major\onedrive\umkc comp sci\comp sci 461\comp-sci-461---assignment-1\search_methods\x64\debug\search_methods.tlog\link-cvtres.write.1.tlog
c:\users\major\onedrive\umkc comp sci\comp sci 461\comp-sci-461---assignment-1\search_methods\x64\debug\search_methods.tlog\link-rc.read.1.tlog
c:\users\major\onedrive\umkc comp sci\comp sci 461\comp-sci-461---assignment-1\search_methods\x64\debug\search_methods.tlog\link-rc.write.1.tlog
c:\users\major\onedrive\umkc comp sci\comp sci 461\comp-sci-461---assignment-1\search_methods\x64\debug\search_methods.tlog\link.command.1.tlog
c:\users\major\onedrive\umkc comp sci\comp sci 461\comp-sci-461---assignment-1\search_methods\x64\debug\search_methods.tlog\link.read.1.tlog
c:\users\major\onedrive\umkc comp sci\comp sci 461\comp-sci-461---assignment-1\search_methods\x64\debug\search_methods.tlog\link.read.2.tlog
c:\users\major\onedrive\umkc comp sci\comp sci 461\comp-sci-461---assignment-1\search_methods\x64\debug\search_methods.tlog\link.write.1.tlog
